<?xml version="1.0" encoding="UTF-8"?>
<!-- Generated by org.testng.reporters.JUnitReportReporter -->
<testsuite hostname="DEMONISEDDEVICE" failures="0" tests="4" name="T1.LogoutTest" time="130.996" errors="0" timestamp="2023-08-14T11:20:19 IST" skipped="0">
  <testcase classname="T1.LogoutTest" name="create" time="17.682"/>
  <system-out/>
  <testcase classname="T1.LogoutTest" name="test2" time="92.686"/>
  <system-out/>
  <testcase classname="T1.LogoutTest" name="test3" time="14.205"/>
  <system-out/>
  <testcase classname="T1.LogoutTest" name="test4" time="6.423"/>
  <system-out/>
</testsuite> <!-- T1.LogoutTest -->
